<?xml version="1.0" encoding="UTF-8"?>
<!-- Generated by org.testng.reporters.JUnitXMLReporter -->
<testsuite hostname="DESKTOP-0H07TE8" ignored="0" name="Test03" tests="4" failures="0" timestamp="06 May 2020 17:55:59 GMT" time="136.795" errors="0">
  <testcase name="testRegistration" time="21.894" classname="com.acn.selenium.extent.TestMeApp"/>
  <testcase name="testLogin" time="7.864" classname="com.acn.selenium.extent.TestMeApp"/>
  <testcase name="testCart" time="8.754" classname="com.acn.selenium.extent.TestMeApp"/>
  <testcase name="testPayment" time="28.429" classname="com.acn.selenium.extent.TestMeApp"/>
</testsuite> <!-- Test03 -->
