<?xml version="1.0" encoding="UTF-8"?>
<!-- Generated by org.testng.reporters.JUnitXMLReporter -->
<testsuite hostname="DESKTOP-0H07TE8" ignored="0" name="TestGroup1" tests="3" failures="0" timestamp="31 Mar 2020 09:32:48 GMT" time="62.726" errors="0">
  <testcase name="f" time="0.012" classname="Remote.RLDemoLoginAssertDataProvider"/>
  <testcase name="f" time="0.003" classname="Remote.RLDemoLoginAssertDataProvider"/>
  <testcase name="LoginTest" time="3.894" classname="Remote.TestMe"/>
</testsuite> <!-- TestGroup1 -->
